[I 2023-01-04 14:37:34.043 ServerApp] jupyterlab | extension was successfully linked.
[I 2023-01-04 14:37:34.976 ServerApp] nbclassic | extension was successfully linked.
[I 2023-01-04 14:37:35.089 ServerApp] nbclassic | extension was successfully loaded.
[I 2023-01-04 14:37:35.090 LabApp] JupyterLab extension loaded from /home/users/pete_nut/miniconda3/envs/sentinelind/lib/python3.8/site-packages/jupyterlab
[I 2023-01-04 14:37:35.090 LabApp] JupyterLab application directory is /home/users/pete_nut/miniconda3/envs/sentinelind/share/jupyter/lab
[I 2023-01-04 14:37:35.094 ServerApp] jupyterlab | extension was successfully loaded.
[I 2023-01-04 14:37:35.094 ServerApp] Serving notebooks from local directory: /home/users/pete_nut/sentinel_industry/bingmaps
[I 2023-01-04 14:37:35.094 ServerApp] Jupyter Server 1.18.1 is running at:
[I 2023-01-04 14:37:35.094 ServerApp] http://localhost:8888/lab?token=54e8530440dada66ca52b9d41c77834208e8d248725471bf
[I 2023-01-04 14:37:35.095 ServerApp]  or http://127.0.0.1:8888/lab?token=54e8530440dada66ca52b9d41c77834208e8d248725471bf
[I 2023-01-04 14:37:35.095 ServerApp] Use Control-C to stop this server and shut down all kernels (twice to skip confirmation).
[C 2023-01-04 14:37:35.112 ServerApp] 
    
    To access the server, open this file in a browser:
        file:///home/users/pete_nut/.local/share/jupyter/runtime/jpserver-84816-open.html
    Or copy and paste one of these URLs:
        http://localhost:8888/lab?token=54e8530440dada66ca52b9d41c77834208e8d248725471bf
     or http://127.0.0.1:8888/lab?token=54e8530440dada66ca52b9d41c77834208e8d248725471bf
Unable to connect to VS Code server: Error in request.
Error: connect ENOENT /run/user/7052821/vscode-ipc-3b427fa4-c84b-40a2-a176-6bb0e14708f7.sock
    at PipeConnectWrap.afterConnect [as oncomplete] (node:net:1157:16) {
  errno: -2,
  code: 'ENOENT',
  syscall: 'connect',
  address: '/run/user/7052821/vscode-ipc-3b427fa4-c84b-40a2-a176-6bb0e14708f7.sock'
}
[I 2023-01-04 14:38:25.550 ServerApp] Shutting down on /api/shutdown request.
[I 2023-01-04 14:38:25.554 ServerApp] Shutting down 2 extensions
[I 2023-01-04 14:38:25.554 ServerApp] Shutting down 0 terminals
[I 2023-01-04 14:38:31.303 ServerApp] jupyterlab | extension was successfully linked.
[I 2023-01-04 14:38:31.795 ServerApp] nbclassic | extension was successfully linked.
[I 2023-01-04 14:38:31.857 ServerApp] nbclassic | extension was successfully loaded.
[I 2023-01-04 14:38:31.858 LabApp] JupyterLab extension loaded from /home/users/pete_nut/miniconda3/envs/sentinelind/lib/python3.8/site-packages/jupyterlab
[I 2023-01-04 14:38:31.858 LabApp] JupyterLab application directory is /home/users/pete_nut/miniconda3/envs/sentinelind/share/jupyter/lab
[I 2023-01-04 14:38:31.861 ServerApp] jupyterlab | extension was successfully loaded.
[I 2023-01-04 14:38:31.862 ServerApp] Serving notebooks from local directory: /home/users/pete_nut/sentinel_industry/bingmaps
[I 2023-01-04 14:38:31.862 ServerApp] Jupyter Server 1.18.1 is running at:
[I 2023-01-04 14:38:31.862 ServerApp] http://localhost:8888/lab?token=e6d2c133736546215f3a29e006ae5fc12b9b36d365b48aed
[I 2023-01-04 14:38:31.862 ServerApp]  or http://127.0.0.1:8888/lab?token=e6d2c133736546215f3a29e006ae5fc12b9b36d365b48aed
[I 2023-01-04 14:38:31.862 ServerApp] Use Control-C to stop this server and shut down all kernels (twice to skip confirmation).
[C 2023-01-04 14:38:31.873 ServerApp] 
    
    To access the server, open this file in a browser:
        file:///home/users/pete_nut/.local/share/jupyter/runtime/jpserver-84896-open.html
    Or copy and paste one of these URLs:
        http://localhost:8888/lab?token=e6d2c133736546215f3a29e006ae5fc12b9b36d365b48aed
     or http://127.0.0.1:8888/lab?token=e6d2c133736546215f3a29e006ae5fc12b9b36d365b48aed
Unable to connect to VS Code server: Error in request.
Error: connect ENOENT /run/user/7052821/vscode-ipc-3b427fa4-c84b-40a2-a176-6bb0e14708f7.sock
    at PipeConnectWrap.afterConnect [as oncomplete] (node:net:1157:16) {
  errno: -2,
  code: 'ENOENT',
  syscall: 'connect',
  address: '/run/user/7052821/vscode-ipc-3b427fa4-c84b-40a2-a176-6bb0e14708f7.sock'
}
[I 2023-01-04 14:39:09.979 ServerApp] jupyterlab | extension was successfully linked.
[I 2023-01-04 14:39:10.474 ServerApp] nbclassic | extension was successfully linked.
[I 2023-01-04 14:39:10.535 ServerApp] nbclassic | extension was successfully loaded.
[I 2023-01-04 14:39:10.536 LabApp] JupyterLab extension loaded from /home/users/pete_nut/miniconda3/envs/sentinelind/lib/python3.8/site-packages/jupyterlab
[I 2023-01-04 14:39:10.536 LabApp] JupyterLab application directory is /home/users/pete_nut/miniconda3/envs/sentinelind/share/jupyter/lab
[I 2023-01-04 14:39:10.539 ServerApp] jupyterlab | extension was successfully loaded.
[I 2023-01-04 14:39:10.540 ServerApp] The port 8888 is already in use, trying another port.
[I 2023-01-04 14:39:10.540 ServerApp] Serving notebooks from local directory: /home/users/pete_nut/sentinel_industry/bingmaps
[I 2023-01-04 14:39:10.540 ServerApp] Jupyter Server 1.18.1 is running at:
[I 2023-01-04 14:39:10.540 ServerApp] http://localhost:8889/lab?token=1eb58ced21d7768b0425f4c5825608fca8f39a5ae09abc29
[I 2023-01-04 14:39:10.540 ServerApp]  or http://127.0.0.1:8889/lab?token=1eb58ced21d7768b0425f4c5825608fca8f39a5ae09abc29
[I 2023-01-04 14:39:10.540 ServerApp] Use Control-C to stop this server and shut down all kernels (twice to skip confirmation).
[C 2023-01-04 14:39:10.552 ServerApp] 
    
    To access the server, open this file in a browser:
        file:///home/users/pete_nut/.local/share/jupyter/runtime/jpserver-84955-open.html
    Or copy and paste one of these URLs:
        http://localhost:8889/lab?token=1eb58ced21d7768b0425f4c5825608fca8f39a5ae09abc29
     or http://127.0.0.1:8889/lab?token=1eb58ced21d7768b0425f4c5825608fca8f39a5ae09abc29
Unable to connect to VS Code server: Error in request.
Error: connect ENOENT /run/user/7052821/vscode-ipc-3b427fa4-c84b-40a2-a176-6bb0e14708f7.sock
    at PipeConnectWrap.afterConnect [as oncomplete] (node:net:1157:16) {
  errno: -2,
  code: 'ENOENT',
  syscall: 'connect',
  address: '/run/user/7052821/vscode-ipc-3b427fa4-c84b-40a2-a176-6bb0e14708f7.sock'
}
[I 2023-01-04 14:40:28.032 ServerApp] jupyterlab | extension was successfully linked.
[I 2023-01-04 14:40:28.853 ServerApp] nbclassic | extension was successfully linked.
[I 2023-01-04 14:40:28.968 ServerApp] nbclassic | extension was successfully loaded.
[I 2023-01-04 14:40:28.969 LabApp] JupyterLab extension loaded from /home/users/pete_nut/miniconda3/lib/python3.8/site-packages/jupyterlab
[I 2023-01-04 14:40:28.969 LabApp] JupyterLab application directory is /home/users/pete_nut/miniconda3/share/jupyter/lab
[I 2023-01-04 14:40:28.972 ServerApp] jupyterlab | extension was successfully loaded.
[I 2023-01-04 14:40:28.972 ServerApp] The port 8888 is already in use, trying another port.
[I 2023-01-04 14:40:28.973 ServerApp] The port 8889 is already in use, trying another port.
[I 2023-01-04 14:40:28.973 ServerApp] Serving notebooks from local directory: /home/users/pete_nut/sentinel_industry/bingmaps
[I 2023-01-04 14:40:28.973 ServerApp] Jupyter Server 1.13.5 is running at:
[I 2023-01-04 14:40:28.973 ServerApp] http://localhost:8890/lab?token=05d3bcda4159bd67a3356ebf0ad86a64c3662520d7c919c1
[I 2023-01-04 14:40:28.973 ServerApp]  or http://127.0.0.1:8890/lab?token=05d3bcda4159bd67a3356ebf0ad86a64c3662520d7c919c1
[I 2023-01-04 14:40:28.973 ServerApp] Use Control-C to stop this server and shut down all kernels (twice to skip confirmation).
[C 2023-01-04 14:40:28.986 ServerApp] 
    
    To access the server, open this file in a browser:
        file:///home/users/pete_nut/.local/share/jupyter/runtime/jpserver-85301-open.html
    Or copy and paste one of these URLs:
        http://localhost:8890/lab?token=05d3bcda4159bd67a3356ebf0ad86a64c3662520d7c919c1
     or http://127.0.0.1:8890/lab?token=05d3bcda4159bd67a3356ebf0ad86a64c3662520d7c919c1
Unable to connect to VS Code server: Error in request.
Error: connect ENOENT /run/user/7052821/vscode-ipc-3b427fa4-c84b-40a2-a176-6bb0e14708f7.sock
    at PipeConnectWrap.afterConnect [as oncomplete] (node:net:1157:16) {
  errno: -2,
  code: 'ENOENT',
  syscall: 'connect',
  address: '/run/user/7052821/vscode-ipc-3b427fa4-c84b-40a2-a176-6bb0e14708f7.sock'
}
[I 2023-01-09 15:01:21.850 ServerApp] jupyterlab | extension was successfully linked.
[I 2023-01-09 15:01:23.046 ServerApp] nbclassic | extension was successfully linked.
[I 2023-01-09 15:01:23.181 ServerApp] nbclassic | extension was successfully loaded.
[I 2023-01-09 15:01:23.182 LabApp] JupyterLab extension loaded from /home/users/pete_nut/miniconda3/envs/sentinelind/lib/python3.8/site-packages/jupyterlab
[I 2023-01-09 15:01:23.182 LabApp] JupyterLab application directory is /home/users/pete_nut/miniconda3/envs/sentinelind/share/jupyter/lab
[I 2023-01-09 15:01:23.187 ServerApp] jupyterlab | extension was successfully loaded.
[I 2023-01-09 15:01:23.187 ServerApp] The port 8888 is already in use, trying another port.
[I 2023-01-09 15:01:23.187 ServerApp] Serving notebooks from local directory: /home/users/pete_nut/sentinel_industry/bingmaps
[I 2023-01-09 15:01:23.187 ServerApp] Jupyter Server 1.18.1 is running at:
[I 2023-01-09 15:01:23.187 ServerApp] http://localhost:8889/lab?token=4d19436f36f3860c220bc8e3b85ffbc32ae1c15d2837f85f
[I 2023-01-09 15:01:23.187 ServerApp]  or http://127.0.0.1:8889/lab?token=4d19436f36f3860c220bc8e3b85ffbc32ae1c15d2837f85f
[I 2023-01-09 15:01:23.187 ServerApp] Use Control-C to stop this server and shut down all kernels (twice to skip confirmation).
[C 2023-01-09 15:01:23.209 ServerApp] 
    
    To access the server, open this file in a browser:
        file:///home/users/pete_nut/.local/share/jupyter/runtime/jpserver-17277-open.html
    Or copy and paste one of these URLs:
        http://localhost:8889/lab?token=4d19436f36f3860c220bc8e3b85ffbc32ae1c15d2837f85f
     or http://127.0.0.1:8889/lab?token=4d19436f36f3860c220bc8e3b85ffbc32ae1c15d2837f85f
[I 2023-01-09 15:01:29.160 ServerApp] 302 GET /?token=4d19436f36f3860c220bc8e3b85ffbc32ae1c15d2837f85f (127.0.0.1) 0.82ms
[W 2023-01-09 15:01:32.653 LabApp] Could not determine jupyterlab build status without nodejs
[W 2023-01-09 15:01:34.059 ServerApp] 404 GET /api/contents/sentinel_industry/bingmaps/train_res50v2.ipynb?content=0&1673276494002 (127.0.0.1): file or directory does not exist: 'sentinel_industry/bingmaps/train_res50v2.ipynb'
[W 2023-01-09 15:01:34.060 ServerApp] file or directory does not exist: 'sentinel_industry/bingmaps/train_res50v2.ipynb'
[W 2023-01-09 15:01:34.060 ServerApp] 404 GET /api/contents/sentinel_industry/bingmaps/train_res50v2.ipynb?content=0&1673276494002 (127.0.0.1) 3.02ms referer=http://localhost:8889/lab
[W 2023-01-09 15:01:34.062 ServerApp] 404 GET /api/contents/sentinel_industry/filter_misclassified_cleanlab.ipynb?content=0&1673276494003 (127.0.0.1): file or directory does not exist: 'sentinel_industry/filter_misclassified_cleanlab.ipynb'
[W 2023-01-09 15:01:34.062 ServerApp] file or directory does not exist: 'sentinel_industry/filter_misclassified_cleanlab.ipynb'
[W 2023-01-09 15:01:34.063 ServerApp] 404 GET /api/contents/sentinel_industry/filter_misclassified_cleanlab.ipynb?content=0&1673276494003 (127.0.0.1) 1.46ms referer=http://localhost:8889/lab
[W 2023-01-09 15:01:34.077 ServerApp] 404 GET /api/contents/IV_shiptracks/compare_ml_detections/ML_overlap.ipynb?content=0&1673276494003 (127.0.0.1): file or directory does not exist: 'IV_shiptracks/compare_ml_detections/ML_overlap.ipynb'
[W 2023-01-09 15:01:34.077 ServerApp] file or directory does not exist: 'IV_shiptracks/compare_ml_detections/ML_overlap.ipynb'
[W 2023-01-09 15:01:34.078 ServerApp] 404 GET /api/contents/IV_shiptracks/compare_ml_detections/ML_overlap.ipynb?content=0&1673276494003 (127.0.0.1) 1.60ms referer=http://localhost:8889/lab
[W 2023-01-09 15:01:34.080 ServerApp] 404 GET /api/contents/IV_shiptracks/compare_ml_detections/ML_ovl_emissions.ipynb?content=0&1673276494004 (127.0.0.1): file or directory does not exist: 'IV_shiptracks/compare_ml_detections/ML_ovl_emissions.ipynb'
[W 2023-01-09 15:01:34.080 ServerApp] file or directory does not exist: 'IV_shiptracks/compare_ml_detections/ML_ovl_emissions.ipynb'
[W 2023-01-09 15:01:34.081 ServerApp] 404 GET /api/contents/IV_shiptracks/compare_ml_detections/ML_ovl_emissions.ipynb?content=0&1673276494004 (127.0.0.1) 1.83ms referer=http://localhost:8889/lab
[W 2023-01-09 15:01:34.082 ServerApp] 404 GET /api/contents/IV_shiptracks/compare_ml_detections/ML_ovl_map.ipynb?content=0&1673276494004 (127.0.0.1): file or directory does not exist: 'IV_shiptracks/compare_ml_detections/ML_ovl_map.ipynb'
[W 2023-01-09 15:01:34.082 ServerApp] file or directory does not exist: 'IV_shiptracks/compare_ml_detections/ML_ovl_map.ipynb'
[W 2023-01-09 15:01:34.083 ServerApp] 404 GET /api/contents/IV_shiptracks/compare_ml_detections/ML_ovl_map.ipynb?content=0&1673276494004 (127.0.0.1) 0.93ms referer=http://localhost:8889/lab
[W 2023-01-09 15:01:34.795 ServerApp] 404 GET /api/contents/sentinel_industry/bingmaps?1673276494755 (127.0.0.1): file or directory does not exist: 'sentinel_industry/bingmaps'
[W 2023-01-09 15:01:34.795 ServerApp] file or directory does not exist: 'sentinel_industry/bingmaps'
[W 2023-01-09 15:01:34.795 ServerApp] 404 GET /api/contents/sentinel_industry/bingmaps?1673276494755 (127.0.0.1) 1.67ms referer=http://localhost:8889/lab
[I 2023-01-09 15:02:05.519 ServerApp] Kernel started: 7e38d2e0-6ca6-41f5-9b7a-1955d7cca142
2023-01-09 15:02:09.208145: I tensorflow/stream_executor/platform/default/dso_loader.cc:49] Successfully opened dynamic library libcudart.so.10.1
2023-01-09 15:02:51.103867: I tensorflow/compiler/jit/xla_cpu_device.cc:41] Not creating XLA devices, tf_xla_enable_xla_devices not set
2023-01-09 15:02:51.110655: W tensorflow/stream_executor/platform/default/dso_loader.cc:60] Could not load dynamic library 'libcuda.so.1'; dlerror: libcuda.so.1: cannot open shared object file: No such file or directory
2023-01-09 15:02:51.110670: W tensorflow/stream_executor/cuda/cuda_driver.cc:326] failed call to cuInit: UNKNOWN ERROR (303)
2023-01-09 15:02:51.110699: I tensorflow/stream_executor/cuda/cuda_diagnostics.cc:156] kernel driver does not appear to be running on this host (host596.jc.rl.ac.uk): /proc/driver/nvidia/version does not exist
2023-01-09 15:02:51.111287: I tensorflow/core/platform/cpu_feature_guard.cc:142] This TensorFlow binary is optimized with oneAPI Deep Neural Network Library (oneDNN) to use the following CPU instructions in performance-critical operations:  SSE4.1 SSE4.2 AVX AVX2 FMA
To enable them in other operations, rebuild TensorFlow with the appropriate compiler flags.
2023-01-09 15:02:51.113132: I tensorflow/compiler/jit/xla_gpu_device.cc:99] Not creating XLA devices, tf_xla_enable_xla_devices not set
2023-01-09 15:02:57.237665: I tensorflow/compiler/mlir/mlir_graph_optimization_pass.cc:116] None of the MLIR optimization passes are enabled (registered 2)
2023-01-09 15:02:57.238211: I tensorflow/core/platform/profile_utils/cpu_utils.cc:112] CPU Frequency: 2794840000 Hz
[I 2023-01-09 15:04:05.594 ServerApp] Saving file at /train_res50v2.ipynb
[I 2023-01-09 15:04:38.670 ServerApp] Kernel interrupted: 7e38d2e0-6ca6-41f5-9b7a-1955d7cca142
[I 2023-01-09 15:06:07.996 ServerApp] Saving file at /train_res50v2.ipynb
[W 2023-01-09 17:59:07.566 ServerApp] WebSocket ping timeout after 119894 ms.
[W 2023-01-09 17:59:07.582 ServerApp] WebSocket ping timeout after 119910 ms.
[I 2023-01-09 17:59:12.590 ServerApp] Starting buffering for 7e38d2e0-6ca6-41f5-9b7a-1955d7cca142:538ab857-fb63-4dd4-be1a-32cf3a53974a
[W 2023-01-10 17:22:31.672 ServerApp] WebSocket ping timeout after 119990 ms.
[I 2023-01-10 17:22:36.674 ServerApp] Starting buffering for 7e38d2e0-6ca6-41f5-9b7a-1955d7cca142:61ea67dc-f3ad-48a1-861d-0475a6b91344
[I 2023-01-11 10:57:18.254 ServerApp] Restoring connection for 7e38d2e0-6ca6-41f5-9b7a-1955d7cca142:61ea67dc-f3ad-48a1-861d-0475a6b91344
2023-01-11 10:57:30.906462: I tensorflow/core/profiler/lib/profiler_session.cc:136] Profiler session initializing.
2023-01-11 10:57:30.906508: I tensorflow/core/profiler/lib/profiler_session.cc:155] Profiler session started.
2023-01-11 10:57:30.906577: I tensorflow/core/profiler/lib/profiler_session.cc:172] Profiler session tear down.
[I 2023-01-11 10:59:31.101 ServerApp] Saving file at /train_res50v2.ipynb
2023-01-11 11:02:36.022995: I tensorflow/core/profiler/lib/profiler_session.cc:136] Profiler session initializing.
2023-01-11 11:02:36.023047: I tensorflow/core/profiler/lib/profiler_session.cc:155] Profiler session started.
2023-01-11 11:02:36.023077: I tensorflow/core/profiler/lib/profiler_session.cc:172] Profiler session tear down.
[I 2023-01-11 11:03:31.839 ServerApp] Saving file at /train_res50v2.ipynb
[I 2023-01-11 11:05:32.996 ServerApp] Saving file at /train_res50v2.ipynb
[I 2023-01-11 11:07:18.864 ServerApp] Kernel interrupted: 7e38d2e0-6ca6-41f5-9b7a-1955d7cca142
[I 2023-01-11 11:07:20.184 ServerApp] Kernel interrupted: 7e38d2e0-6ca6-41f5-9b7a-1955d7cca142
[I 2023-01-11 11:07:20.413 ServerApp] Kernel interrupted: 7e38d2e0-6ca6-41f5-9b7a-1955d7cca142
[I 2023-01-11 11:07:20.625 ServerApp] Kernel interrupted: 7e38d2e0-6ca6-41f5-9b7a-1955d7cca142
[I 2023-01-11 11:07:20.897 ServerApp] Kernel interrupted: 7e38d2e0-6ca6-41f5-9b7a-1955d7cca142
[I 2023-01-11 11:07:21.572 ServerApp] Kernel interrupted: 7e38d2e0-6ca6-41f5-9b7a-1955d7cca142
[I 2023-01-11 11:07:22.004 ServerApp] Kernel interrupted: 7e38d2e0-6ca6-41f5-9b7a-1955d7cca142
[I 2023-01-11 11:07:22.197 ServerApp] Kernel interrupted: 7e38d2e0-6ca6-41f5-9b7a-1955d7cca142
[I 2023-01-11 11:07:22.377 ServerApp] Kernel interrupted: 7e38d2e0-6ca6-41f5-9b7a-1955d7cca142
[I 2023-01-11 11:07:22.560 ServerApp] Kernel interrupted: 7e38d2e0-6ca6-41f5-9b7a-1955d7cca142
[I 2023-01-11 11:07:22.709 ServerApp] Kernel interrupted: 7e38d2e0-6ca6-41f5-9b7a-1955d7cca142
[I 2023-01-11 11:07:22.879 ServerApp] Kernel interrupted: 7e38d2e0-6ca6-41f5-9b7a-1955d7cca142
[I 2023-01-11 11:07:23.025 ServerApp] Kernel interrupted: 7e38d2e0-6ca6-41f5-9b7a-1955d7cca142
[I 2023-01-11 11:07:23.208 ServerApp] Kernel interrupted: 7e38d2e0-6ca6-41f5-9b7a-1955d7cca142
[I 2023-01-11 11:07:23.383 ServerApp] Kernel interrupted: 7e38d2e0-6ca6-41f5-9b7a-1955d7cca142
[I 2023-01-11 11:07:23.542 ServerApp] Kernel interrupted: 7e38d2e0-6ca6-41f5-9b7a-1955d7cca142
[I 2023-01-11 11:07:23.709 ServerApp] Kernel interrupted: 7e38d2e0-6ca6-41f5-9b7a-1955d7cca142
[I 2023-01-11 11:07:23.909 ServerApp] Kernel interrupted: 7e38d2e0-6ca6-41f5-9b7a-1955d7cca142
[I 2023-01-11 11:07:24.009 ServerApp] Kernel interrupted: 7e38d2e0-6ca6-41f5-9b7a-1955d7cca142
[I 2023-01-11 11:07:24.300 ServerApp] Kernel interrupted: 7e38d2e0-6ca6-41f5-9b7a-1955d7cca142
[I 2023-01-11 11:07:24.489 ServerApp] Kernel interrupted: 7e38d2e0-6ca6-41f5-9b7a-1955d7cca142
[I 2023-01-11 11:07:24.968 ServerApp] Kernel interrupted: 7e38d2e0-6ca6-41f5-9b7a-1955d7cca142
[I 2023-01-11 11:07:25.136 ServerApp] Kernel interrupted: 7e38d2e0-6ca6-41f5-9b7a-1955d7cca142
[I 2023-01-11 11:07:25.297 ServerApp] Kernel interrupted: 7e38d2e0-6ca6-41f5-9b7a-1955d7cca142
[I 2023-01-11 11:07:25.456 ServerApp] Kernel interrupted: 7e38d2e0-6ca6-41f5-9b7a-1955d7cca142
[I 2023-01-11 11:07:25.620 ServerApp] Kernel interrupted: 7e38d2e0-6ca6-41f5-9b7a-1955d7cca142
[I 2023-01-11 11:07:25.769 ServerApp] Kernel interrupted: 7e38d2e0-6ca6-41f5-9b7a-1955d7cca142
[I 2023-01-11 11:07:25.944 ServerApp] Kernel interrupted: 7e38d2e0-6ca6-41f5-9b7a-1955d7cca142
[I 2023-01-11 11:07:26.145 ServerApp] Kernel interrupted: 7e38d2e0-6ca6-41f5-9b7a-1955d7cca142
[I 2023-01-11 11:07:26.328 ServerApp] Kernel interrupted: 7e38d2e0-6ca6-41f5-9b7a-1955d7cca142
[I 2023-01-11 11:07:26.504 ServerApp] Kernel interrupted: 7e38d2e0-6ca6-41f5-9b7a-1955d7cca142
[I 2023-01-11 11:07:26.672 ServerApp] Kernel interrupted: 7e38d2e0-6ca6-41f5-9b7a-1955d7cca142
[I 2023-01-11 11:07:26.843 ServerApp] Kernel interrupted: 7e38d2e0-6ca6-41f5-9b7a-1955d7cca142
[I 2023-01-11 11:07:27.011 ServerApp] Kernel interrupted: 7e38d2e0-6ca6-41f5-9b7a-1955d7cca142
[I 2023-01-11 11:07:41.464 ServerApp] Kernel interrupted: 7e38d2e0-6ca6-41f5-9b7a-1955d7cca142
[I 2023-01-11 11:07:42.767 ServerApp] Kernel interrupted: 7e38d2e0-6ca6-41f5-9b7a-1955d7cca142
[I 2023-01-11 11:07:43.483 ServerApp] Kernel interrupted: 7e38d2e0-6ca6-41f5-9b7a-1955d7cca142
[I 2023-01-11 11:07:47.763 ServerApp] Kernel interrupted: 7e38d2e0-6ca6-41f5-9b7a-1955d7cca142
[I 2023-01-11 11:07:58.452 ServerApp] Kernel restarted: 7e38d2e0-6ca6-41f5-9b7a-1955d7cca142
[I 2023-01-11 11:07:58.549 ServerApp] Starting buffering for 7e38d2e0-6ca6-41f5-9b7a-1955d7cca142:61ea67dc-f3ad-48a1-861d-0475a6b91344
[I 2023-01-11 11:07:58.641 ServerApp] Restoring connection for 7e38d2e0-6ca6-41f5-9b7a-1955d7cca142:61ea67dc-f3ad-48a1-861d-0475a6b91344
2023-01-11 11:08:04.279017: I tensorflow/stream_executor/platform/default/dso_loader.cc:49] Successfully opened dynamic library libcudart.so.10.1
[I 2023-01-11 11:09:34.365 ServerApp] Saving file at /train_res50v2.ipynb
2023-01-11 11:21:04.847471: I tensorflow/compiler/jit/xla_cpu_device.cc:41] Not creating XLA devices, tf_xla_enable_xla_devices not set
2023-01-11 11:21:04.848908: W tensorflow/stream_executor/platform/default/dso_loader.cc:60] Could not load dynamic library 'libcuda.so.1'; dlerror: libcuda.so.1: cannot open shared object file: No such file or directory
2023-01-11 11:21:04.848924: W tensorflow/stream_executor/cuda/cuda_driver.cc:326] failed call to cuInit: UNKNOWN ERROR (303)
2023-01-11 11:21:04.848952: I tensorflow/stream_executor/cuda/cuda_diagnostics.cc:156] kernel driver does not appear to be running on this host (host596.jc.rl.ac.uk): /proc/driver/nvidia/version does not exist
2023-01-11 11:21:04.849133: I tensorflow/core/platform/cpu_feature_guard.cc:142] This TensorFlow binary is optimized with oneAPI Deep Neural Network Library (oneDNN) to use the following CPU instructions in performance-critical operations:  SSE4.1 SSE4.2 AVX AVX2 FMA
To enable them in other operations, rebuild TensorFlow with the appropriate compiler flags.
2023-01-11 11:21:04.850587: I tensorflow/compiler/jit/xla_gpu_device.cc:99] Not creating XLA devices, tf_xla_enable_xla_devices not set
2023-01-11 11:21:05.884452: I tensorflow/core/profiler/lib/profiler_session.cc:136] Profiler session initializing.
2023-01-11 11:21:05.884493: I tensorflow/core/profiler/lib/profiler_session.cc:155] Profiler session started.
2023-01-11 11:21:05.884550: I tensorflow/core/profiler/lib/profiler_session.cc:172] Profiler session tear down.
2023-01-11 11:21:07.160180: I tensorflow/compiler/mlir/mlir_graph_optimization_pass.cc:116] None of the MLIR optimization passes are enabled (registered 2)
2023-01-11 11:21:07.161007: I tensorflow/core/platform/profile_utils/cpu_utils.cc:112] CPU Frequency: 2794840000 Hz
[I 2023-01-11 11:21:20.143 ServerApp] Kernel interrupted: 7e38d2e0-6ca6-41f5-9b7a-1955d7cca142
[I 2023-01-11 11:21:35.704 ServerApp] Saving file at /train_res50v2.ipynb
[I 2023-01-11 11:21:37.464 ServerApp] Saving file at /train_res50v2.ipynb
2023-01-11 11:21:52.387852: I tensorflow/core/profiler/lib/profiler_session.cc:136] Profiler session initializing.
2023-01-11 11:21:52.387893: I tensorflow/core/profiler/lib/profiler_session.cc:155] Profiler session started.
2023-01-11 11:21:52.387925: I tensorflow/core/profiler/lib/profiler_session.cc:172] Profiler session tear down.
[I 2023-01-11 11:23:38.548 ServerApp] Saving file at /train_res50v2.ipynb
