2023-01-07 10:55:58.883263: I tensorflow/stream_executor/platform/default/dso_loader.cc:49] Successfully opened dynamic library libcudart.so.10.1
2023-01-07 10:56:02.144180: I tensorflow/compiler/jit/xla_cpu_device.cc:41] Not creating XLA devices, tf_xla_enable_xla_devices not set
2023-01-07 10:56:02.145444: I tensorflow/stream_executor/platform/default/dso_loader.cc:49] Successfully opened dynamic library libcuda.so.1
2023-01-07 10:56:02.203329: I tensorflow/core/common_runtime/gpu/gpu_device.cc:1720] Found device 0 with properties: 
pciBusID: 0000:61:00.0 name: Tesla V100-SXM2-32GB computeCapability: 7.0
coreClock: 1.53GHz coreCount: 80 deviceMemorySize: 31.75GiB deviceMemoryBandwidth: 836.37GiB/s
2023-01-07 10:56:02.203370: I tensorflow/stream_executor/platform/default/dso_loader.cc:49] Successfully opened dynamic library libcudart.so.10.1
2023-01-07 10:56:02.207011: I tensorflow/stream_executor/platform/default/dso_loader.cc:49] Successfully opened dynamic library libcublas.so.10
2023-01-07 10:56:02.207074: I tensorflow/stream_executor/platform/default/dso_loader.cc:49] Successfully opened dynamic library libcublasLt.so.10
2023-01-07 10:56:02.210017: I tensorflow/stream_executor/platform/default/dso_loader.cc:49] Successfully opened dynamic library libcufft.so.10
2023-01-07 10:56:02.210979: I tensorflow/stream_executor/platform/default/dso_loader.cc:49] Successfully opened dynamic library libcurand.so.10
2023-01-07 10:56:02.214096: I tensorflow/stream_executor/platform/default/dso_loader.cc:49] Successfully opened dynamic library libcusolver.so.10
2023-01-07 10:56:02.215904: I tensorflow/stream_executor/platform/default/dso_loader.cc:49] Successfully opened dynamic library libcusparse.so.10
2023-01-07 10:56:02.221636: I tensorflow/stream_executor/platform/default/dso_loader.cc:49] Successfully opened dynamic library libcudnn.so.7
2023-01-07 10:56:02.222372: I tensorflow/core/common_runtime/gpu/gpu_device.cc:1862] Adding visible gpu devices: 0
2023-01-07 10:56:05.518230: I tensorflow/core/platform/cpu_feature_guard.cc:142] This TensorFlow binary is optimized with oneAPI Deep Neural Network Library (oneDNN) to use the following CPU instructions in performance-critical operations:  SSE4.1 SSE4.2 AVX AVX2 AVX512F FMA
To enable them in other operations, rebuild TensorFlow with the appropriate compiler flags.
2023-01-07 10:56:05.518393: I tensorflow/compiler/jit/xla_gpu_device.cc:99] Not creating XLA devices, tf_xla_enable_xla_devices not set
2023-01-07 10:56:05.519121: I tensorflow/core/common_runtime/gpu/gpu_device.cc:1720] Found device 0 with properties: 
pciBusID: 0000:61:00.0 name: Tesla V100-SXM2-32GB computeCapability: 7.0
coreClock: 1.53GHz coreCount: 80 deviceMemorySize: 31.75GiB deviceMemoryBandwidth: 836.37GiB/s
2023-01-07 10:56:05.519158: I tensorflow/stream_executor/platform/default/dso_loader.cc:49] Successfully opened dynamic library libcudart.so.10.1
2023-01-07 10:56:05.519187: I tensorflow/stream_executor/platform/default/dso_loader.cc:49] Successfully opened dynamic library libcublas.so.10
2023-01-07 10:56:05.519199: I tensorflow/stream_executor/platform/default/dso_loader.cc:49] Successfully opened dynamic library libcublasLt.so.10
2023-01-07 10:56:05.519210: I tensorflow/stream_executor/platform/default/dso_loader.cc:49] Successfully opened dynamic library libcufft.so.10
2023-01-07 10:56:05.519220: I tensorflow/stream_executor/platform/default/dso_loader.cc:49] Successfully opened dynamic library libcurand.so.10
2023-01-07 10:56:05.519231: I tensorflow/stream_executor/platform/default/dso_loader.cc:49] Successfully opened dynamic library libcusolver.so.10
2023-01-07 10:56:05.519243: I tensorflow/stream_executor/platform/default/dso_loader.cc:49] Successfully opened dynamic library libcusparse.so.10
2023-01-07 10:56:05.519254: I tensorflow/stream_executor/platform/default/dso_loader.cc:49] Successfully opened dynamic library libcudnn.so.7
2023-01-07 10:56:05.519832: I tensorflow/core/common_runtime/gpu/gpu_device.cc:1862] Adding visible gpu devices: 0
2023-01-07 10:56:05.519860: I tensorflow/stream_executor/platform/default/dso_loader.cc:49] Successfully opened dynamic library libcudart.so.10.1
2023-01-07 10:56:06.542453: I tensorflow/core/common_runtime/gpu/gpu_device.cc:1261] Device interconnect StreamExecutor with strength 1 edge matrix:
2023-01-07 10:56:06.542496: I tensorflow/core/common_runtime/gpu/gpu_device.cc:1267]      0 
2023-01-07 10:56:06.542507: I tensorflow/core/common_runtime/gpu/gpu_device.cc:1280] 0:   N 
2023-01-07 10:56:06.543633: I tensorflow/core/common_runtime/gpu/gpu_device.cc:1406] Created TensorFlow device (/job:localhost/replica:0/task:0/device:GPU:0 with 30131 MB memory) -> physical GPU (device: 0, name: Tesla V100-SXM2-32GB, pci bus id: 0000:61:00.0, compute capability: 7.0)
2023-01-07 10:56:08.112539: I tensorflow/core/profiler/lib/profiler_session.cc:136] Profiler session initializing.
2023-01-07 10:56:08.112850: I tensorflow/core/profiler/lib/profiler_session.cc:155] Profiler session started.
2023-01-07 10:56:08.112884: I tensorflow/core/profiler/internal/gpu/cupti_tracer.cc:1365] Profiler found 1 GPUs
2023-01-07 10:56:08.114613: I tensorflow/stream_executor/platform/default/dso_loader.cc:49] Successfully opened dynamic library libcupti.so.10.1
2023-01-07 10:56:08.215243: E tensorflow/core/profiler/internal/gpu/cupti_tracer.cc:1415] function cupti_interface_->Subscribe( &subscriber_, (CUpti_CallbackFunc)ApiCallback, this)failed with error CUPTI_ERROR_INSUFFICIENT_PRIVILEGES
2023-01-07 10:56:08.215319: I tensorflow/core/profiler/lib/profiler_session.cc:172] Profiler session tear down.
2023-01-07 10:56:11.419452: I tensorflow/compiler/mlir/mlir_graph_optimization_pass.cc:116] None of the MLIR optimization passes are enabled (registered 2)
2023-01-07 10:56:11.419937: I tensorflow/core/platform/profile_utils/cpu_utils.cc:112] CPU Frequency: 2300000000 Hz
WARNING:tensorflow:multiprocessing can interact badly with TensorFlow, causing nondeterministic deadlocks. For high performance data pipelines tf.data is recommended.
2023-01-07 10:56:15.373282: I tensorflow/stream_executor/platform/default/dso_loader.cc:49] Successfully opened dynamic library libcublas.so.10
2023-01-07 10:56:18.599160: I tensorflow/stream_executor/platform/default/dso_loader.cc:49] Successfully opened dynamic library libcudnn.so.7
WARNING:tensorflow:multiprocessing can interact badly with TensorFlow, causing nondeterministic deadlocks. For high performance data pipelines tf.data is recommended.
WARNING:tensorflow:multiprocessing can interact badly with TensorFlow, causing nondeterministic deadlocks. For high performance data pipelines tf.data is recommended.
2023-01-07 10:58:19.770990: I tensorflow/core/profiler/lib/profiler_session.cc:136] Profiler session initializing.
2023-01-07 10:58:19.771421: I tensorflow/core/profiler/lib/profiler_session.cc:155] Profiler session started.
2023-01-07 10:58:19.805819: E tensorflow/core/profiler/internal/gpu/cupti_tracer.cc:1415] function cupti_interface_->Subscribe( &subscriber_, (CUpti_CallbackFunc)ApiCallback, this)failed with error CUPTI_ERROR_INSUFFICIENT_PRIVILEGES
2023-01-07 10:58:35.156633: I tensorflow/core/profiler/lib/profiler_session.cc:71] Profiler session collecting data.
2023-01-07 10:58:35.485840: I tensorflow/core/profiler/internal/gpu/cupti_collector.cc:228]  GpuTracer has collected 0 callback api events and 0 activity events. 
2023-01-07 10:58:35.564830: I tensorflow/core/profiler/lib/profiler_session.cc:172] Profiler session tear down.
2023-01-07 10:58:35.646654: I tensorflow/core/profiler/rpc/client/save_profile.cc:137] Creating directory: /home/users/pete_nut/sentinel_industry/bingmaps/logs/20230107-105608/train/plugins/profile/2023_01_07_10_58_35
2023-01-07 10:58:35.676703: I tensorflow/core/profiler/rpc/client/save_profile.cc:143] Dumped gzipped tool data for trace.json.gz to /home/users/pete_nut/sentinel_industry/bingmaps/logs/20230107-105608/train/plugins/profile/2023_01_07_10_58_35/gpuhost591.jc.rl.ac.uk.trace.json.gz
2023-01-07 10:58:35.847161: I tensorflow/core/profiler/rpc/client/save_profile.cc:137] Creating directory: /home/users/pete_nut/sentinel_industry/bingmaps/logs/20230107-105608/train/plugins/profile/2023_01_07_10_58_35
2023-01-07 10:58:35.859694: I tensorflow/core/profiler/rpc/client/save_profile.cc:143] Dumped gzipped tool data for memory_profile.json.gz to /home/users/pete_nut/sentinel_industry/bingmaps/logs/20230107-105608/train/plugins/profile/2023_01_07_10_58_35/gpuhost591.jc.rl.ac.uk.memory_profile.json.gz
2023-01-07 10:58:35.887104: I tensorflow/core/profiler/rpc/client/capture_profile.cc:251] Creating directory: /home/users/pete_nut/sentinel_industry/bingmaps/logs/20230107-105608/train/plugins/profile/2023_01_07_10_58_35Dumped tool data for xplane.pb to /home/users/pete_nut/sentinel_industry/bingmaps/logs/20230107-105608/train/plugins/profile/2023_01_07_10_58_35/gpuhost591.jc.rl.ac.uk.xplane.pb
Dumped tool data for overview_page.pb to /home/users/pete_nut/sentinel_industry/bingmaps/logs/20230107-105608/train/plugins/profile/2023_01_07_10_58_35/gpuhost591.jc.rl.ac.uk.overview_page.pb
Dumped tool data for input_pipeline.pb to /home/users/pete_nut/sentinel_industry/bingmaps/logs/20230107-105608/train/plugins/profile/2023_01_07_10_58_35/gpuhost591.jc.rl.ac.uk.input_pipeline.pb
Dumped tool data for tensorflow_stats.pb to /home/users/pete_nut/sentinel_industry/bingmaps/logs/20230107-105608/train/plugins/profile/2023_01_07_10_58_35/gpuhost591.jc.rl.ac.uk.tensorflow_stats.pb
Dumped tool data for kernel_stats.pb to /home/users/pete_nut/sentinel_industry/bingmaps/logs/20230107-105608/train/plugins/profile/2023_01_07_10_58_35/gpuhost591.jc.rl.ac.uk.kernel_stats.pb

WARNING:tensorflow:multiprocessing can interact badly with TensorFlow, causing nondeterministic deadlocks. For high performance data pipelines tf.data is recommended.
WARNING:tensorflow:multiprocessing can interact badly with TensorFlow, causing nondeterministic deadlocks. For high performance data pipelines tf.data is recommended.
WARNING:tensorflow:multiprocessing can interact badly with TensorFlow, causing nondeterministic deadlocks. For high performance data pipelines tf.data is recommended.
WARNING:tensorflow:multiprocessing can interact badly with TensorFlow, causing nondeterministic deadlocks. For high performance data pipelines tf.data is recommended.
WARNING:tensorflow:multiprocessing can interact badly with TensorFlow, causing nondeterministic deadlocks. For high performance data pipelines tf.data is recommended.
WARNING:tensorflow:multiprocessing can interact badly with TensorFlow, causing nondeterministic deadlocks. For high performance data pipelines tf.data is recommended.
WARNING:tensorflow:multiprocessing can interact badly with TensorFlow, causing nondeterministic deadlocks. For high performance data pipelines tf.data is recommended.
WARNING:tensorflow:multiprocessing can interact badly with TensorFlow, causing nondeterministic deadlocks. For high performance data pipelines tf.data is recommended.
WARNING:tensorflow:multiprocessing can interact badly with TensorFlow, causing nondeterministic deadlocks. For high performance data pipelines tf.data is recommended.
WARNING:tensorflow:multiprocessing can interact badly with TensorFlow, causing nondeterministic deadlocks. For high performance data pipelines tf.data is recommended.
WARNING:tensorflow:multiprocessing can interact badly with TensorFlow, causing nondeterministic deadlocks. For high performance data pipelines tf.data is recommended.
WARNING:tensorflow:multiprocessing can interact badly with TensorFlow, causing nondeterministic deadlocks. For high performance data pipelines tf.data is recommended.
WARNING:tensorflow:multiprocessing can interact badly with TensorFlow, causing nondeterministic deadlocks. For high performance data pipelines tf.data is recommended.
WARNING:tensorflow:multiprocessing can interact badly with TensorFlow, causing nondeterministic deadlocks. For high performance data pipelines tf.data is recommended.
WARNING:tensorflow:multiprocessing can interact badly with TensorFlow, causing nondeterministic deadlocks. For high performance data pipelines tf.data is recommended.
WARNING:tensorflow:multiprocessing can interact badly with TensorFlow, causing nondeterministic deadlocks. For high performance data pipelines tf.data is recommended.
WARNING:tensorflow:multiprocessing can interact badly with TensorFlow, causing nondeterministic deadlocks. For high performance data pipelines tf.data is recommended.
WARNING:tensorflow:multiprocessing can interact badly with TensorFlow, causing nondeterministic deadlocks. For high performance data pipelines tf.data is recommended.
WARNING:tensorflow:multiprocessing can interact badly with TensorFlow, causing nondeterministic deadlocks. For high performance data pipelines tf.data is recommended.
WARNING:tensorflow:multiprocessing can interact badly with TensorFlow, causing nondeterministic deadlocks. For high performance data pipelines tf.data is recommended.
WARNING:tensorflow:multiprocessing can interact badly with TensorFlow, causing nondeterministic deadlocks. For high performance data pipelines tf.data is recommended.
WARNING:tensorflow:multiprocessing can interact badly with TensorFlow, causing nondeterministic deadlocks. For high performance data pipelines tf.data is recommended.
WARNING:tensorflow:multiprocessing can interact badly with TensorFlow, causing nondeterministic deadlocks. For high performance data pipelines tf.data is recommended.
WARNING:tensorflow:multiprocessing can interact badly with TensorFlow, causing nondeterministic deadlocks. For high performance data pipelines tf.data is recommended.
WARNING:tensorflow:multiprocessing can interact badly with TensorFlow, causing nondeterministic deadlocks. For high performance data pipelines tf.data is recommended.
WARNING:tensorflow:multiprocessing can interact badly with TensorFlow, causing nondeterministic deadlocks. For high performance data pipelines tf.data is recommended.
WARNING:tensorflow:multiprocessing can interact badly with TensorFlow, causing nondeterministic deadlocks. For high performance data pipelines tf.data is recommended.
WARNING:tensorflow:multiprocessing can interact badly with TensorFlow, causing nondeterministic deadlocks. For high performance data pipelines tf.data is recommended.
WARNING:tensorflow:multiprocessing can interact badly with TensorFlow, causing nondeterministic deadlocks. For high performance data pipelines tf.data is recommended.
WARNING:tensorflow:multiprocessing can interact badly with TensorFlow, causing nondeterministic deadlocks. For high performance data pipelines tf.data is recommended.
WARNING:tensorflow:multiprocessing can interact badly with TensorFlow, causing nondeterministic deadlocks. For high performance data pipelines tf.data is recommended.
WARNING:tensorflow:multiprocessing can interact badly with TensorFlow, causing nondeterministic deadlocks. For high performance data pipelines tf.data is recommended.
WARNING:tensorflow:multiprocessing can interact badly with TensorFlow, causing nondeterministic deadlocks. For high performance data pipelines tf.data is recommended.
WARNING:tensorflow:multiprocessing can interact badly with TensorFlow, causing nondeterministic deadlocks. For high performance data pipelines tf.data is recommended.
WARNING:tensorflow:multiprocessing can interact badly with TensorFlow, causing nondeterministic deadlocks. For high performance data pipelines tf.data is recommended.
WARNING:tensorflow:multiprocessing can interact badly with TensorFlow, causing nondeterministic deadlocks. For high performance data pipelines tf.data is recommended.
WARNING:tensorflow:multiprocessing can interact badly with TensorFlow, causing nondeterministic deadlocks. For high performance data pipelines tf.data is recommended.
WARNING:tensorflow:multiprocessing can interact badly with TensorFlow, causing nondeterministic deadlocks. For high performance data pipelines tf.data is recommended.
WARNING:tensorflow:multiprocessing can interact badly with TensorFlow, causing nondeterministic deadlocks. For high performance data pipelines tf.data is recommended.
WARNING:tensorflow:multiprocessing can interact badly with TensorFlow, causing nondeterministic deadlocks. For high performance data pipelines tf.data is recommended.
WARNING:tensorflow:multiprocessing can interact badly with TensorFlow, causing nondeterministic deadlocks. For high performance data pipelines tf.data is recommended.
WARNING:tensorflow:multiprocessing can interact badly with TensorFlow, causing nondeterministic deadlocks. For high performance data pipelines tf.data is recommended.
WARNING:tensorflow:multiprocessing can interact badly with TensorFlow, causing nondeterministic deadlocks. For high performance data pipelines tf.data is recommended.
WARNING:tensorflow:multiprocessing can interact badly with TensorFlow, causing nondeterministic deadlocks. For high performance data pipelines tf.data is recommended.
WARNING:tensorflow:multiprocessing can interact badly with TensorFlow, causing nondeterministic deadlocks. For high performance data pipelines tf.data is recommended.
WARNING:tensorflow:multiprocessing can interact badly with TensorFlow, causing nondeterministic deadlocks. For high performance data pipelines tf.data is recommended.
WARNING:tensorflow:multiprocessing can interact badly with TensorFlow, causing nondeterministic deadlocks. For high performance data pipelines tf.data is recommended.
WARNING:tensorflow:multiprocessing can interact badly with TensorFlow, causing nondeterministic deadlocks. For high performance data pipelines tf.data is recommended.
WARNING:tensorflow:multiprocessing can interact badly with TensorFlow, causing nondeterministic deadlocks. For high performance data pipelines tf.data is recommended.
WARNING:tensorflow:multiprocessing can interact badly with TensorFlow, causing nondeterministic deadlocks. For high performance data pipelines tf.data is recommended.
WARNING:tensorflow:multiprocessing can interact badly with TensorFlow, causing nondeterministic deadlocks. For high performance data pipelines tf.data is recommended.
WARNING:tensorflow:multiprocessing can interact badly with TensorFlow, causing nondeterministic deadlocks. For high performance data pipelines tf.data is recommended.
WARNING:tensorflow:multiprocessing can interact badly with TensorFlow, causing nondeterministic deadlocks. For high performance data pipelines tf.data is recommended.
WARNING:tensorflow:multiprocessing can interact badly with TensorFlow, causing nondeterministic deadlocks. For high performance data pipelines tf.data is recommended.
WARNING:tensorflow:multiprocessing can interact badly with TensorFlow, causing nondeterministic deadlocks. For high performance data pipelines tf.data is recommended.
WARNING:tensorflow:multiprocessing can interact badly with TensorFlow, causing nondeterministic deadlocks. For high performance data pipelines tf.data is recommended.
WARNING:tensorflow:multiprocessing can interact badly with TensorFlow, causing nondeterministic deadlocks. For high performance data pipelines tf.data is recommended.
WARNING:tensorflow:multiprocessing can interact badly with TensorFlow, causing nondeterministic deadlocks. For high performance data pipelines tf.data is recommended.
WARNING:tensorflow:multiprocessing can interact badly with TensorFlow, causing nondeterministic deadlocks. For high performance data pipelines tf.data is recommended.
WARNING:tensorflow:multiprocessing can interact badly with TensorFlow, causing nondeterministic deadlocks. For high performance data pipelines tf.data is recommended.
WARNING:tensorflow:multiprocessing can interact badly with TensorFlow, causing nondeterministic deadlocks. For high performance data pipelines tf.data is recommended.
WARNING:tensorflow:multiprocessing can interact badly with TensorFlow, causing nondeterministic deadlocks. For high performance data pipelines tf.data is recommended.
WARNING:tensorflow:multiprocessing can interact badly with TensorFlow, causing nondeterministic deadlocks. For high performance data pipelines tf.data is recommended.
WARNING:tensorflow:multiprocessing can interact badly with TensorFlow, causing nondeterministic deadlocks. For high performance data pipelines tf.data is recommended.
WARNING:tensorflow:multiprocessing can interact badly with TensorFlow, causing nondeterministic deadlocks. For high performance data pipelines tf.data is recommended.
WARNING:tensorflow:multiprocessing can interact badly with TensorFlow, causing nondeterministic deadlocks. For high performance data pipelines tf.data is recommended.
WARNING:tensorflow:multiprocessing can interact badly with TensorFlow, causing nondeterministic deadlocks. For high performance data pipelines tf.data is recommended.
WARNING:tensorflow:multiprocessing can interact badly with TensorFlow, causing nondeterministic deadlocks. For high performance data pipelines tf.data is recommended.
WARNING:tensorflow:multiprocessing can interact badly with TensorFlow, causing nondeterministic deadlocks. For high performance data pipelines tf.data is recommended.
WARNING:tensorflow:multiprocessing can interact badly with TensorFlow, causing nondeterministic deadlocks. For high performance data pipelines tf.data is recommended.
WARNING:tensorflow:multiprocessing can interact badly with TensorFlow, causing nondeterministic deadlocks. For high performance data pipelines tf.data is recommended.
WARNING:tensorflow:multiprocessing can interact badly with TensorFlow, causing nondeterministic deadlocks. For high performance data pipelines tf.data is recommended.
WARNING:tensorflow:multiprocessing can interact badly with TensorFlow, causing nondeterministic deadlocks. For high performance data pipelines tf.data is recommended.
WARNING:tensorflow:multiprocessing can interact badly with TensorFlow, causing nondeterministic deadlocks. For high performance data pipelines tf.data is recommended.
WARNING:tensorflow:multiprocessing can interact badly with TensorFlow, causing nondeterministic deadlocks. For high performance data pipelines tf.data is recommended.
WARNING:tensorflow:multiprocessing can interact badly with TensorFlow, causing nondeterministic deadlocks. For high performance data pipelines tf.data is recommended.
WARNING:tensorflow:multiprocessing can interact badly with TensorFlow, causing nondeterministic deadlocks. For high performance data pipelines tf.data is recommended.
WARNING:tensorflow:multiprocessing can interact badly with TensorFlow, causing nondeterministic deadlocks. For high performance data pipelines tf.data is recommended.
WARNING:tensorflow:multiprocessing can interact badly with TensorFlow, causing nondeterministic deadlocks. For high performance data pipelines tf.data is recommended.
WARNING:tensorflow:multiprocessing can interact badly with TensorFlow, causing nondeterministic deadlocks. For high performance data pipelines tf.data is recommended.
WARNING:tensorflow:multiprocessing can interact badly with TensorFlow, causing nondeterministic deadlocks. For high performance data pipelines tf.data is recommended.
WARNING:tensorflow:multiprocessing can interact badly with TensorFlow, causing nondeterministic deadlocks. For high performance data pipelines tf.data is recommended.
WARNING:tensorflow:multiprocessing can interact badly with TensorFlow, causing nondeterministic deadlocks. For high performance data pipelines tf.data is recommended.
WARNING:tensorflow:multiprocessing can interact badly with TensorFlow, causing nondeterministic deadlocks. For high performance data pipelines tf.data is recommended.
WARNING:tensorflow:multiprocessing can interact badly with TensorFlow, causing nondeterministic deadlocks. For high performance data pipelines tf.data is recommended.
WARNING:tensorflow:multiprocessing can interact badly with TensorFlow, causing nondeterministic deadlocks. For high performance data pipelines tf.data is recommended.
WARNING:tensorflow:multiprocessing can interact badly with TensorFlow, causing nondeterministic deadlocks. For high performance data pipelines tf.data is recommended.
WARNING:tensorflow:multiprocessing can interact badly with TensorFlow, causing nondeterministic deadlocks. For high performance data pipelines tf.data is recommended.
WARNING:tensorflow:multiprocessing can interact badly with TensorFlow, causing nondeterministic deadlocks. For high performance data pipelines tf.data is recommended.
WARNING:tensorflow:multiprocessing can interact badly with TensorFlow, causing nondeterministic deadlocks. For high performance data pipelines tf.data is recommended.
WARNING:tensorflow:multiprocessing can interact badly with TensorFlow, causing nondeterministic deadlocks. For high performance data pipelines tf.data is recommended.
WARNING:tensorflow:multiprocessing can interact badly with TensorFlow, causing nondeterministic deadlocks. For high performance data pipelines tf.data is recommended.
WARNING:tensorflow:multiprocessing can interact badly with TensorFlow, causing nondeterministic deadlocks. For high performance data pipelines tf.data is recommended.
WARNING:tensorflow:multiprocessing can interact badly with TensorFlow, causing nondeterministic deadlocks. For high performance data pipelines tf.data is recommended.
WARNING:tensorflow:multiprocessing can interact badly with TensorFlow, causing nondeterministic deadlocks. For high performance data pipelines tf.data is recommended.
WARNING:tensorflow:multiprocessing can interact badly with TensorFlow, causing nondeterministic deadlocks. For high performance data pipelines tf.data is recommended.
WARNING:tensorflow:multiprocessing can interact badly with TensorFlow, causing nondeterministic deadlocks. For high performance data pipelines tf.data is recommended.
WARNING:tensorflow:multiprocessing can interact badly with TensorFlow, causing nondeterministic deadlocks. For high performance data pipelines tf.data is recommended.
WARNING:tensorflow:multiprocessing can interact badly with TensorFlow, causing nondeterministic deadlocks. For high performance data pipelines tf.data is recommended.
WARNING:tensorflow:multiprocessing can interact badly with TensorFlow, causing nondeterministic deadlocks. For high performance data pipelines tf.data is recommended.
WARNING:tensorflow:multiprocessing can interact badly with TensorFlow, causing nondeterministic deadlocks. For high performance data pipelines tf.data is recommended.
WARNING:tensorflow:multiprocessing can interact badly with TensorFlow, causing nondeterministic deadlocks. For high performance data pipelines tf.data is recommended.
WARNING:tensorflow:multiprocessing can interact badly with TensorFlow, causing nondeterministic deadlocks. For high performance data pipelines tf.data is recommended.
WARNING:tensorflow:multiprocessing can interact badly with TensorFlow, causing nondeterministic deadlocks. For high performance data pipelines tf.data is recommended.
WARNING:tensorflow:multiprocessing can interact badly with TensorFlow, causing nondeterministic deadlocks. For high performance data pipelines tf.data is recommended.
WARNING:tensorflow:multiprocessing can interact badly with TensorFlow, causing nondeterministic deadlocks. For high performance data pipelines tf.data is recommended.
WARNING:tensorflow:multiprocessing can interact badly with TensorFlow, causing nondeterministic deadlocks. For high performance data pipelines tf.data is recommended.
WARNING:tensorflow:multiprocessing can interact badly with TensorFlow, causing nondeterministic deadlocks. For high performance data pipelines tf.data is recommended.
WARNING:tensorflow:multiprocessing can interact badly with TensorFlow, causing nondeterministic deadlocks. For high performance data pipelines tf.data is recommended.
WARNING:tensorflow:multiprocessing can interact badly with TensorFlow, causing nondeterministic deadlocks. For high performance data pipelines tf.data is recommended.
WARNING:tensorflow:multiprocessing can interact badly with TensorFlow, causing nondeterministic deadlocks. For high performance data pipelines tf.data is recommended.
WARNING:tensorflow:multiprocessing can interact badly with TensorFlow, causing nondeterministic deadlocks. For high performance data pipelines tf.data is recommended.
WARNING:tensorflow:multiprocessing can interact badly with TensorFlow, causing nondeterministic deadlocks. For high performance data pipelines tf.data is recommended.
WARNING:tensorflow:multiprocessing can interact badly with TensorFlow, causing nondeterministic deadlocks. For high performance data pipelines tf.data is recommended.
WARNING:tensorflow:multiprocessing can interact badly with TensorFlow, causing nondeterministic deadlocks. For high performance data pipelines tf.data is recommended.
WARNING:tensorflow:multiprocessing can interact badly with TensorFlow, causing nondeterministic deadlocks. For high performance data pipelines tf.data is recommended.
WARNING:tensorflow:multiprocessing can interact badly with TensorFlow, causing nondeterministic deadlocks. For high performance data pipelines tf.data is recommended.
WARNING:tensorflow:multiprocessing can interact badly with TensorFlow, causing nondeterministic deadlocks. For high performance data pipelines tf.data is recommended.
WARNING:tensorflow:multiprocessing can interact badly with TensorFlow, causing nondeterministic deadlocks. For high performance data pipelines tf.data is recommended.
WARNING:tensorflow:multiprocessing can interact badly with TensorFlow, causing nondeterministic deadlocks. For high performance data pipelines tf.data is recommended.
WARNING:tensorflow:multiprocessing can interact badly with TensorFlow, causing nondeterministic deadlocks. For high performance data pipelines tf.data is recommended.
WARNING:tensorflow:multiprocessing can interact badly with TensorFlow, causing nondeterministic deadlocks. For high performance data pipelines tf.data is recommended.
WARNING:tensorflow:multiprocessing can interact badly with TensorFlow, causing nondeterministic deadlocks. For high performance data pipelines tf.data is recommended.
WARNING:tensorflow:multiprocessing can interact badly with TensorFlow, causing nondeterministic deadlocks. For high performance data pipelines tf.data is recommended.
WARNING:tensorflow:multiprocessing can interact badly with TensorFlow, causing nondeterministic deadlocks. For high performance data pipelines tf.data is recommended.
WARNING:tensorflow:multiprocessing can interact badly with TensorFlow, causing nondeterministic deadlocks. For high performance data pipelines tf.data is recommended.
WARNING:tensorflow:multiprocessing can interact badly with TensorFlow, causing nondeterministic deadlocks. For high performance data pipelines tf.data is recommended.
WARNING:tensorflow:multiprocessing can interact badly with TensorFlow, causing nondeterministic deadlocks. For high performance data pipelines tf.data is recommended.
WARNING:tensorflow:multiprocessing can interact badly with TensorFlow, causing nondeterministic deadlocks. For high performance data pipelines tf.data is recommended.
WARNING:tensorflow:multiprocessing can interact badly with TensorFlow, causing nondeterministic deadlocks. For high performance data pipelines tf.data is recommended.
WARNING:tensorflow:multiprocessing can interact badly with TensorFlow, causing nondeterministic deadlocks. For high performance data pipelines tf.data is recommended.
WARNING:tensorflow:multiprocessing can interact badly with TensorFlow, causing nondeterministic deadlocks. For high performance data pipelines tf.data is recommended.
WARNING:tensorflow:multiprocessing can interact badly with TensorFlow, causing nondeterministic deadlocks. For high performance data pipelines tf.data is recommended.
WARNING:tensorflow:multiprocessing can interact badly with TensorFlow, causing nondeterministic deadlocks. For high performance data pipelines tf.data is recommended.
WARNING:tensorflow:multiprocessing can interact badly with TensorFlow, causing nondeterministic deadlocks. For high performance data pipelines tf.data is recommended.
WARNING:tensorflow:multiprocessing can interact badly with TensorFlow, causing nondeterministic deadlocks. For high performance data pipelines tf.data is recommended.
WARNING:tensorflow:multiprocessing can interact badly with TensorFlow, causing nondeterministic deadlocks. For high performance data pipelines tf.data is recommended.
WARNING:tensorflow:multiprocessing can interact badly with TensorFlow, causing nondeterministic deadlocks. For high performance data pipelines tf.data is recommended.
WARNING:tensorflow:multiprocessing can interact badly with TensorFlow, causing nondeterministic deadlocks. For high performance data pipelines tf.data is recommended.
WARNING:tensorflow:multiprocessing can interact badly with TensorFlow, causing nondeterministic deadlocks. For high performance data pipelines tf.data is recommended.
WARNING:tensorflow:multiprocessing can interact badly with TensorFlow, causing nondeterministic deadlocks. For high performance data pipelines tf.data is recommended.
WARNING:tensorflow:multiprocessing can interact badly with TensorFlow, causing nondeterministic deadlocks. For high performance data pipelines tf.data is recommended.
WARNING:tensorflow:multiprocessing can interact badly with TensorFlow, causing nondeterministic deadlocks. For high performance data pipelines tf.data is recommended.
WARNING:tensorflow:multiprocessing can interact badly with TensorFlow, causing nondeterministic deadlocks. For high performance data pipelines tf.data is recommended.
WARNING:tensorflow:multiprocessing can interact badly with TensorFlow, causing nondeterministic deadlocks. For high performance data pipelines tf.data is recommended.
WARNING:tensorflow:multiprocessing can interact badly with TensorFlow, causing nondeterministic deadlocks. For high performance data pipelines tf.data is recommended.
WARNING:tensorflow:multiprocessing can interact badly with TensorFlow, causing nondeterministic deadlocks. For high performance data pipelines tf.data is recommended.
WARNING:tensorflow:multiprocessing can interact badly with TensorFlow, causing nondeterministic deadlocks. For high performance data pipelines tf.data is recommended.
WARNING:tensorflow:multiprocessing can interact badly with TensorFlow, causing nondeterministic deadlocks. For high performance data pipelines tf.data is recommended.
WARNING:tensorflow:multiprocessing can interact badly with TensorFlow, causing nondeterministic deadlocks. For high performance data pipelines tf.data is recommended.
WARNING:tensorflow:multiprocessing can interact badly with TensorFlow, causing nondeterministic deadlocks. For high performance data pipelines tf.data is recommended.
WARNING:tensorflow:multiprocessing can interact badly with TensorFlow, causing nondeterministic deadlocks. For high performance data pipelines tf.data is recommended.
WARNING:tensorflow:multiprocessing can interact badly with TensorFlow, causing nondeterministic deadlocks. For high performance data pipelines tf.data is recommended.
WARNING:tensorflow:multiprocessing can interact badly with TensorFlow, causing nondeterministic deadlocks. For high performance data pipelines tf.data is recommended.
WARNING:tensorflow:multiprocessing can interact badly with TensorFlow, causing nondeterministic deadlocks. For high performance data pipelines tf.data is recommended.
WARNING:tensorflow:multiprocessing can interact badly with TensorFlow, causing nondeterministic deadlocks. For high performance data pipelines tf.data is recommended.
WARNING:tensorflow:multiprocessing can interact badly with TensorFlow, causing nondeterministic deadlocks. For high performance data pipelines tf.data is recommended.
WARNING:tensorflow:multiprocessing can interact badly with TensorFlow, causing nondeterministic deadlocks. For high performance data pipelines tf.data is recommended.
WARNING:tensorflow:multiprocessing can interact badly with TensorFlow, causing nondeterministic deadlocks. For high performance data pipelines tf.data is recommended.
WARNING:tensorflow:multiprocessing can interact badly with TensorFlow, causing nondeterministic deadlocks. For high performance data pipelines tf.data is recommended.
WARNING:tensorflow:multiprocessing can interact badly with TensorFlow, causing nondeterministic deadlocks. For high performance data pipelines tf.data is recommended.
WARNING:tensorflow:multiprocessing can interact badly with TensorFlow, causing nondeterministic deadlocks. For high performance data pipelines tf.data is recommended.
WARNING:tensorflow:multiprocessing can interact badly with TensorFlow, causing nondeterministic deadlocks. For high performance data pipelines tf.data is recommended.
WARNING:tensorflow:multiprocessing can interact badly with TensorFlow, causing nondeterministic deadlocks. For high performance data pipelines tf.data is recommended.
WARNING:tensorflow:multiprocessing can interact badly with TensorFlow, causing nondeterministic deadlocks. For high performance data pipelines tf.data is recommended.
slurmstepd: error: *** JOB 33404082 ON gpuhost591 CANCELLED AT 2023-01-08T06:56:03 DUE TO TIME LIMIT ***
